#
# There is insufficient memory for the Java Runtime Environment to continue.
# Native memory allocation (malloc) failed to allocate 32744 bytes for ChunkPool::allocate
# Possible reasons:
#   The system is out of physical RAM or swap space
#   The process is running with CompressedOops enabled, and the Java Heap may be blocking the growth of the native heap
# Possible solutions:
#   Reduce memory load on the system
#   Increase physical memory or swap space
#   Check if swap backing store is full
#   Decrease Java heap size (-Xmx/-Xms)
#   Decrease number of Java threads
#   Decrease Java thread stack sizes (-Xss)
#   Set larger code cache with -XX:ReservedCodeCacheSize=
#   JVM is running with Zero Based Compressed Oops mode in which the Java heap is
#     placed in the first 32GB address space. The Java Heap base address is the
#     maximum limit for the native heap growth. Please use -XX:HeapBaseMinAddress
#     to set the Java Heap base and to place the Java Heap above 32GB virtual address.
# This output file may be truncated or incomplete.
#
#  Out of Memory Error (allocation.cpp:273), pid=22588, tid=0x0000000000001d90
#
# JRE version: Java(TM) SE Runtime Environment (8.0_201-b09) (build 1.8.0_201-b09)
# Java VM: Java HotSpot(TM) 64-Bit Server VM (25.201-b09 mixed mode windows-amd64 compressed oops)
# Failed to write core dump. Minidumps are not enabled by default on client versions of Windows
#

---------------  T H R E A D  ---------------

Current thread (0x000000001dd5f800):  JavaThread "C1 CompilerThread3" daemon [_thread_in_native, id=7568, stack(0x000000001f750000,0x000000001f850000)]

Stack: [0x000000001f750000,0x000000001f850000]
[error occurred during error reporting (printing stack bounds), id 0xc0000005]

Native frames: (J=compiled Java code, j=interpreted, Vv=VM code, C=native code)


Current CompileTask:
C1:    134  204       3       jdk.internal.org.objectweb.asm.Frame::execute (2252 bytes)


---------------  P R O C E S S  ---------------

Java Threads: ( => current thread )
  0x000000001de02800 JavaThread "Service Thread" daemon [_thread_blocked, id=21168, stack(0x000000001f850000,0x000000001f950000)]
=>0x000000001dd5f800 JavaThread "C1 CompilerThread3" daemon [_thread_in_native, id=7568, stack(0x000000001f750000,0x000000001f850000)]
  0x000000001dd5e000 JavaThread "C2 CompilerThread2" daemon [_thread_in_native, id=19872, stack(0x000000001f650000,0x000000001f750000)]
  0x000000001dd5d000 JavaThread "C2 CompilerThread1" daemon [_thread_blocked, id=10020, stack(0x000000001f550000,0x000000001f650000)]
  0x000000001dd56800 JavaThread "C2 CompilerThread0" daemon [_thread_in_native, id=24328, stack(0x000000001f450000,0x000000001f550000)]
  0x000000001dd0e000 JavaThread "Monitor Ctrl-Break" daemon [_thread_in_native, id=22644, stack(0x000000001f350000,0x000000001f450000)]
  0x000000001dcb8000 JavaThread "Attach Listener" daemon [_thread_blocked, id=780, stack(0x000000001f250000,0x000000001f350000)]
  0x000000001dcb6000 JavaThread "Signal Dispatcher" daemon [_thread_blocked, id=16008, stack(0x000000001f150000,0x000000001f250000)]
  0x000000000299b800 JavaThread "Finalizer" daemon [_thread_blocked, id=1792, stack(0x000000001ef30000,0x000000001f030000)]
  0x000000001dca3000 JavaThread "Reference Handler" daemon [_thread_blocked, id=24092, stack(0x000000001ee30000,0x000000001ef30000)]
  0x00000000028a3000 JavaThread "main" [_thread_in_Java, id=14884, stack(0x00000000025d0000,0x00000000026d0000)]

Other Threads:
  0x000000001c596800 VMThread [stack: 0x000000001ed30000,0x000000001ee30000] [id=24348]
  0x000000001de30000 WatcherThread [stack: 0x000000001fab0000,0x000000001fbb0000] [id=24612]

VM state:not at safepoint (normal execution)

VM Mutex/Monitor currently owned by a thread: None

heap address: 0x00000006c2600000, size: 4058 MB, Compressed Oops mode: Zero based, Oop shift amount: 3
Narrow klass base: 0x0000000000000000, Narrow klass shift: 3
Compressed class space size: 1073741824 Address: 0x00000007c0000000

Heap:
 PSYoungGen      total 75776K, used 6502K [0x000000076b780000, 0x0000000770c00000, 0x00000007c0000000)
  eden space 65024K, 10% used [0x000000076b780000,0x000000076bdd9a80,0x000000076f700000)
  from space 10752K, 0% used [0x0000000770180000,0x0000000770180000,0x0000000770c00000)
  to   space 10752K, 0% used [0x000000076f700000,0x000000076f700000,0x0000000770180000)
 ParOldGen       total 173568K, used 0K [0x00000006c2600000, 0x00000006ccf80000, 0x000000076b780000)
  object space 173568K, 0% used [0x00000006c2600000,0x00000006c2600000,0x00000006ccf80000)
 Metaspace       used 4248K, capacity 4920K, committed 5120K, reserved 1056768K
  class space    used 479K, capacity 508K, committed 512K, reserved 1048576K

Card table byte_map: [0x0000000011d60000,0x0000000012550000] byte_map_base: 0x000000000e74d000

Marking Bits: (ParMarkBitMap*) 0x00000000575a4ce0
 Begin Bits: [0x00000000134a0000, 0x0000000017408000)
 End Bits:   [0x0000000017408000, 0x000000001b370000)

Polling page: 0x00000000008b0000

CodeCache: size=245760Kb used=1433Kb max_used=1445Kb free=244326Kb
 bounds [0x00000000029a0000, 0x0000000002c10000, 0x00000000119a0000]
 total_blobs=485 nmethods=212 adapters=186
 compilation: enabled

Compilation events (10 events):
Event: 0.132 Thread 0x000000001dd5f800 nmethod 196 0x0000000002b04010 code [0x0000000002b04160, 0x0000000002b04350]
Event: 0.132 Thread 0x000000001dd5f800  192       1       sun.invoke.util.Wrapper::basicTypeChar (5 bytes)
Event: 0.132 Thread 0x000000001dd5f800 nmethod 192 0x0000000002b04410 code [0x0000000002b04560, 0x0000000002b04670]
Event: 0.132 Thread 0x000000001dd5f800  197       1       java.lang.invoke.LambdaForm$Name::type (5 bytes)
Event: 0.133 Thread 0x000000001dd5f800 nmethod 197 0x0000000002b046d0 code [0x0000000002b04820, 0x0000000002b04930]
Event: 0.133 Thread 0x000000001dd5f800  202       1       java.lang.invoke.LambdaForm$BasicType::basicTypeChar (5 bytes)
Event: 0.133 Thread 0x000000001dd5f800 nmethod 202 0x0000000002b04990 code [0x0000000002b04ae0, 0x0000000002b04bf0]
Event: 0.133 Thread 0x000000001dd5f800  201       1       java.lang.invoke.LambdaForm$Name::access$000 (5 bytes)
Event: 0.133 Thread 0x000000001dd5f800 nmethod 201 0x0000000002b04c50 code [0x0000000002b04da0, 0x0000000002b04e90]
Event: 0.133 Thread 0x000000001dd5f800  204       3       jdk.internal.org.objectweb.asm.Frame::execute (2252 bytes)

GC Heap History (0 events):
No events

Deoptimization events (0 events):
No events

Classes redefined (0 events):
No events

Internal exceptions (8 events):
Event: 0.029 Thread 0x00000000028a3000 Exception <a 'java/lang/NoSuchMethodError': Method sun.misc.Unsafe.defineClass(Ljava/lang/String;[BII)Ljava/lang/Class; name or signature does not match> (0x000000076b787cb0) thrown at [C:\re\workspace\8-2-build-windows-amd64-cygwin\jdk8u201\12322\hotspot
Event: 0.029 Thread 0x00000000028a3000 Exception <a 'java/lang/NoSuchMethodError': Method sun.misc.Unsafe.prefetchRead(Ljava/lang/Object;J)V name or signature does not match> (0x000000076b787f98) thrown at [C:\re\workspace\8-2-build-windows-amd64-cygwin\jdk8u201\12322\hotspot\src\share\vm\prim
Event: 0.079 Thread 0x00000000028a3000 Exception <a 'java/io/FileNotFoundException'> (0x000000076b88dde0) thrown at [C:\re\workspace\8-2-build-windows-amd64-cygwin\jdk8u201\12322\hotspot\src\share\vm\prims\jni.cpp, line 709]
Event: 0.108 Thread 0x00000000028a3000 Exception <a 'java/security/PrivilegedActionException'> (0x000000076bc63220) thrown at [C:\re\workspace\8-2-build-windows-amd64-cygwin\jdk8u201\12322\hotspot\src\share\vm\prims\jvm.cpp, line 1502]
Event: 0.108 Thread 0x00000000028a3000 Exception <a 'java/security/PrivilegedActionException'> (0x000000076bc63430) thrown at [C:\re\workspace\8-2-build-windows-amd64-cygwin\jdk8u201\12322\hotspot\src\share\vm\prims\jvm.cpp, line 1502]
Event: 0.109 Thread 0x00000000028a3000 Exception <a 'java/security/PrivilegedActionException'> (0x000000076bc67418) thrown at [C:\re\workspace\8-2-build-windows-amd64-cygwin\jdk8u201\12322\hotspot\src\share\vm\prims\jvm.cpp, line 1502]
Event: 0.109 Thread 0x00000000028a3000 Exception <a 'java/security/PrivilegedActionException'> (0x000000076bc67628) thrown at [C:\re\workspace\8-2-build-windows-amd64-cygwin\jdk8u201\12322\hotspot\src\share\vm\prims\jvm.cpp, line 1502]
Event: 0.109 Thread 0x00000000028a3000 Exception <a 'java/lang/NoClassDefFoundError': org/slf4j/impl/StaticLoggerBinder> (0x000000076bc6bdb0) thrown at [C:\re\workspace\8-2-build-windows-amd64-cygwin\jdk8u201\12322\hotspot\src\share\vm\classfile\systemDictionary.cpp, line 199]

Events (10 events):
Event: 0.129 loading class java/lang/invoke/MethodHandleImpl$AsVarargsCollector
Event: 0.129 loading class java/lang/invoke/DelegatingMethodHandle
Event: 0.129 loading class java/lang/invoke/DelegatingMethodHandle done
Event: 0.129 loading class java/lang/invoke/MethodHandleImpl$AsVarargsCollector done
Event: 0.129 loading class java/lang/invoke/WrongMethodTypeException
Event: 0.129 loading class java/lang/invoke/WrongMethodTypeException done
Event: 0.130 loading class java/lang/invoke/MethodHandleImpl$Lazy
Event: 0.130 loading class java/lang/invoke/MethodHandleImpl$Lazy done
Event: 0.130 loading class java/lang/invoke/MethodHandleImpl$IntrinsicMethodHandle
Event: 0.130 loading class java/lang/invoke/MethodHandleImpl$IntrinsicMethodHandle done


Dynamic libraries:
0x00007ff789880000 - 0x00007ff7898b7000 	C:\Program Files\Java\jdk1.8.0_201\bin\java.exe
0x00007ffa0e4c0000 - 0x00007ffa0e6ad000 	C:\Windows\SYSTEM32\ntdll.dll
0x00007ffa0de80000 - 0x00007ffa0df33000 	C:\Windows\System32\KERNEL32.DLL
0x00007ffa0aab0000 - 0x00007ffa0ad43000 	C:\Windows\System32\KERNELBASE.dll
0x00007ffa0e190000 - 0x00007ffa0e233000 	C:\Windows\System32\ADVAPI32.dll
0x00007ffa0e3f0000 - 0x00007ffa0e48e000 	C:\Windows\System32\msvcrt.dll
0x00007ffa0ba20000 - 0x00007ffa0babe000 	C:\Windows\System32\sechost.dll
0x00007ffa0e060000 - 0x00007ffa0e182000 	C:\Windows\System32\RPCRT4.dll
0x00007ffa0dc80000 - 0x00007ffa0de17000 	C:\Windows\System32\USER32.dll
0x00007ffa0b6d0000 - 0x00007ffa0b6f0000 	C:\Windows\System32\win32u.dll
0x00007ffa0d1f0000 - 0x00007ffa0d219000 	C:\Windows\System32\GDI32.dll
0x00007ffa0a690000 - 0x00007ffa0a82a000 	C:\Windows\System32\gdi32full.dll
0x00007ffa0a930000 - 0x00007ffa0a9d0000 	C:\Windows\System32\msvcp_win.dll
0x00007ffa0a830000 - 0x00007ffa0a92a000 	C:\Windows\System32\ucrtbase.dll
0x00007ff9fd0e0000 - 0x00007ff9fd359000 	C:\Windows\WinSxS\amd64_microsoft.windows.common-controls_6595b64144ccf1df_6.0.17763.379_none_05b83be8071c94a1\COMCTL32.dll
0x00007ffa0b6f0000 - 0x00007ffa0ba1d000 	C:\Windows\System32\combase.dll
0x00007ffa0aa30000 - 0x00007ffa0aaae000 	C:\Windows\System32\bcryptPrimitives.dll
0x00007ffa0d140000 - 0x00007ffa0d16e000 	C:\Windows\System32\IMM32.DLL
0x0000000057630000 - 0x0000000057701000 	C:\Program Files\Java\jdk1.8.0_201\jre\bin\msvcr100.dll
0x0000000056d80000 - 0x0000000057624000 	C:\Program Files\Java\jdk1.8.0_201\jre\bin\server\jvm.dll
0x00007ffa0d500000 - 0x00007ffa0d508000 	C:\Windows\System32\PSAPI.DLL
0x00007ff9c12a0000 - 0x00007ff9c12a9000 	C:\Windows\SYSTEM32\WSOCK32.dll
0x00007ffa087b0000 - 0x00007ffa087d4000 	C:\Windows\SYSTEM32\WINMM.dll
0x00007ffa05900000 - 0x00007ffa0590a000 	C:\Windows\SYSTEM32\VERSION.dll
0x00007ffa0e240000 - 0x00007ffa0e2ad000 	C:\Windows\System32\WS2_32.dll
0x00007ffa08780000 - 0x00007ffa087ad000 	C:\Windows\SYSTEM32\winmmbase.dll
0x00007ffa0a640000 - 0x00007ffa0a68a000 	C:\Windows\System32\cfgmgr32.dll
0x00007ff9e8430000 - 0x00007ff9e843f000 	C:\Program Files\Java\jdk1.8.0_201\jre\bin\verify.dll
0x00007ff9e8400000 - 0x00007ff9e8429000 	C:\Program Files\Java\jdk1.8.0_201\jre\bin\java.dll
0x00007ff9c5010000 - 0x00007ff9c5033000 	C:\Program Files\Java\jdk1.8.0_201\jre\bin\instrument.dll
0x00007ff9c8970000 - 0x00007ff9c8986000 	C:\Program Files\Java\jdk1.8.0_201\jre\bin\zip.dll
0x00007ffa0bac0000 - 0x00007ffa0cfb0000 	C:\Windows\System32\SHELL32.dll
0x00007ffa0d450000 - 0x00007ffa0d4f8000 	C:\Windows\System32\shcore.dll
0x00007ffa0af80000 - 0x00007ffa0b6ca000 	C:\Windows\System32\windows.storage.dll
0x00007ffa0a540000 - 0x00007ffa0a564000 	C:\Windows\System32\profapi.dll
0x00007ffa0a4e0000 - 0x00007ffa0a53d000 	C:\Windows\System32\powrprof.dll
0x00007ffa0de20000 - 0x00007ffa0de72000 	C:\Windows\System32\shlwapi.dll
0x00007ffa0a570000 - 0x00007ffa0a581000 	C:\Windows\System32\kernel.appcore.dll
0x00007ffa0af60000 - 0x00007ffa0af77000 	C:\Windows\System32\cryptsp.dll
0x00007ff9c4ff0000 - 0x00007ff9c500a000 	C:\Program Files\JetBrains\IntelliJ IDEA Community Edition 2019.1.3\bin\breakgen64.dll
0x00007ff9c7870000 - 0x00007ff9c788a000 	C:\Program Files\Java\jdk1.8.0_201\jre\bin\net.dll
0x00007ff9fe700000 - 0x00007ff9fe8d6000 	C:\Windows\SYSTEM32\urlmon.dll
0x00007ff9fbf40000 - 0x00007ff9fc1e8000 	C:\Windows\SYSTEM32\iertutil.dll
0x00007ffa09e10000 - 0x00007ffa09e1c000 	C:\Windows\SYSTEM32\CRYPTBASE.DLL
0x00007ffa09c90000 - 0x00007ffa09cf7000 	C:\Windows\system32\mswsock.dll

VM Arguments:
jvm_args: -javaagent:C:\Program Files\JetBrains\IntelliJ IDEA Community Edition 2019.1.3\lib\idea_rt.jar=31049:C:\Program Files\JetBrains\IntelliJ IDEA Community Edition 2019.1.3\bin -Dfile.encoding=UTF-8 
java_command: com.killerwilmer.rabbit.EmitLog
java_class_path (initial): C:\Program Files\Java\jdk1.8.0_201\jre\lib\charsets.jar;C:\Program Files\Java\jdk1.8.0_201\jre\lib\deploy.jar;C:\Program Files\Java\jdk1.8.0_201\jre\lib\ext\access-bridge-64.jar;C:\Program Files\Java\jdk1.8.0_201\jre\lib\ext\cldrdata.jar;C:\Program Files\Java\jdk1.8.0_201\jre\lib\ext\dnsns.jar;C:\Program Files\Java\jdk1.8.0_201\jre\lib\ext\jaccess.jar;C:\Program Files\Java\jdk1.8.0_201\jre\lib\ext\jfxrt.jar;C:\Program Files\Java\jdk1.8.0_201\jre\lib\ext\localedata.jar;C:\Program Files\Java\jdk1.8.0_201\jre\lib\ext\nashorn.jar;C:\Program Files\Java\jdk1.8.0_201\jre\lib\ext\sunec.jar;C:\Program Files\Java\jdk1.8.0_201\jre\lib\ext\sunjce_provider.jar;C:\Program Files\Java\jdk1.8.0_201\jre\lib\ext\sunmscapi.jar;C:\Program Files\Java\jdk1.8.0_201\jre\lib\ext\sunpkcs11.jar;C:\Program Files\Java\jdk1.8.0_201\jre\lib\ext\zipfs.jar;C:\Program Files\Java\jdk1.8.0_201\jre\lib\javaws.jar;C:\Program Files\Java\jdk1.8.0_201\jre\lib\jce.jar;C:\Program Files\Java\jdk1.8.0_201\jre\lib\jfr.jar;C:\Program Files\Java\jdk1.8.0_201\jre\lib\jfxswt.jar;C:\Program Files\Java\jdk1.8.0_201\jre\lib\jsse.jar;C:\Program Files\Java\jdk1.8.0_201\jre\lib\management-agent.jar;C:\Program Files\Java\jdk1.8.0_201\jre\lib\plugin.jar;C:\Program Files\Java\jdk1.8.0_201\jre\lib\resources.jar;C:\Program Files\Java\jdk1.8.0_201\jre\lib\rt.jar;C:\Users\warteaga\dev\test\rabbitmq-java\threerabbitjava\target\classes;C:\Users\warteaga\.m2\repository\com\rabbitmq\amqp-client\5.7.1\amqp-client-5.7.1.jar;C:\Users\warteaga\.m2\repository\org\slf4j\slf4j-api\1.7.26\slf4j-api-1.7.26.jar;C:\Program Files\JetBrains\IntelliJ IDEA Community Edition 2019.1.3\lib\idea_rt.jar
Launcher Type: SUN_STANDARD

Environment Variables:
JAVA_HOME=C:\Program Files\Java\jdk1.8.0_201
PATH=C:\ProgramData\DockerDesktop\version-bin;C:\Program Files\Docker\Docker\Resources\bin;C:\Program Files (x86)\Common Files\Oracle\Java\javapath;C:\Windows\system32;C:\Windows;C:\Windows\System32\Wbem;C:\Windows\System32\WindowsPowerShell\v1.0\;C:\Windows\System32\OpenSSH\;C:\Program Files\dotnet\;C:\Program Files\Microsoft SQL Server\130\Tools\Binn\;C:\Program Files\Git\cmd;C:\Program Files\nodejs\;C:\apache-maven-3.6.0\bin;C:\Program Files\Java\jdk1.8.0_201\bin;C:\Users\spinia\Downloads\redis-2.4.5-win32-win64\64bit;C:\Program Files\Amazon\AWSCLI\bin\;C:\Program Files\Microsoft SQL Server\Client SDK\ODBC\130\Tools\Binn\;C:\Program Files (x86)\Microsoft SQL Server\140\Tools\Binn\;C:\Program Files\Microsoft SQL Server\140\Tools\Binn\;C:\Program Files\Microsoft SQL Server\140\DTS\Binn\;C:\Program Files (x86)\Microsoft SQL Server\Client SDK\ODBC\130\Tools\Binn\;C:\Program Files (x86)\Microsoft SQL Server\130\Tools\Binn\;C:\Program Files (x86)\Microsoft SQL Server\130\DTS\Binn\;C:\Program Files (x86)\Microsoft SQL Server\130\Tools\Binn\ManagementStudio\;C:\Users\spinia\AppData\Roaming\npm;%AppData%\npm;C:\Users\warteaga\AppData\Local\Microsoft\WindowsApps;C:\Users\warteaga\AppData\Local\GitHubDesktop\bin;C:\Users\warteaga\AppData\Local\Programs\Microsoft VS Code\bin;C:\Program Files (x86)\Nmap
USERNAME=warteaga
OS=Windows_NT
PROCESSOR_IDENTIFIER=Intel64 Family 6 Model 158 Stepping 10, GenuineIntel



---------------  S Y S T E M  ---------------

OS: Windows 10.0 , 64 bit Build 17763 (10.0.17763.379)

CPU:total 12 (initial active 12) (6 cores per cpu, 2 threads per core) family 6 model 158 stepping 10, cmov, cx8, fxsr, mmx, sse, sse2, sse3, ssse3, sse4.1, sse4.2, popcnt, avx, avx2, aes, clmul, erms, rtm, 3dnowpref, lzcnt, ht, tsc, tscinvbit, bmi1, bmi2, adx

Memory: 4k page, physical 16616744k(3358684k free), swap 44936228k(5120k free)

vm_info: Java HotSpot(TM) 64-Bit Server VM (25.201-b09) for windows-amd64 JRE (1.8.0_201-b09), built on Dec 15 2018 18:36:39 by "java_re" with MS VC++ 10.0 (VS2010)

time: Tue Jul 02 16:02:17 2019
timezone: Hora est. Pacífico, Sudamérica
elapsed time: 0 seconds (0d 0h 0m 0s)

